<?xml version="1.0" encoding="UTF-8"?>
<!-- Generated by org.testng.reporters.JUnitXMLReporter -->
<testsuite ignored="5" hostname="DESKTOP-VDMFRU7" failures="0" tests="5" name="Test" time="104.746" errors="0" timestamp="2023-07-19T12:36:08 IST">
  <testcase classname="TestScripts.TestScenarios" name="getSearchResults" time="5.607"/>
  <testcase classname="TestScripts.TestScenarios" name="validateProductPresence" time="3.159"/>
  <testcase classname="TestScripts.TestScenarios" name="validateProductPresence" time="3.235"/>
  <testcase classname="TestScripts.TestScenarios" name="validateProductPresence" time="3.567"/>
  <testcase classname="TestScripts.TestScenarios" name="verifyProductPageFunc" time="41.261"/>
  <testcase classname="TestScripts.TestScenarios" name="addProductsToBasket" time="0.0">
    <ignored/>
  </testcase> <!-- addProductsToBasket -->
  <testcase classname="TestScripts.TestScenarios" name="loginAndDeleteAllProduct" time="0.0">
    <ignored/>
  </testcase> <!-- loginAndDeleteAllProduct -->
  <testcase classname="TestScripts.TestScenarios" name="verifyProdsInCartPage" time="0.0">
    <ignored/>
  </testcase> <!-- verifyProdsInCartPage -->
  <testcase classname="TestScripts.TestScenarios" name="verifySubTotalAndCheckOut" time="0.0">
    <ignored/>
  </testcase> <!-- verifySubTotalAndCheckOut -->
  <testcase classname="TestScripts.TestScenarios" name="checkoutAndLogin" time="0.0">
    <ignored/>
  </testcase> <!-- checkoutAndLogin -->
</testsuite> <!-- Test -->
