<?xml version="1.0" encoding="UTF-8"?>
<!-- Generated by org.testng.reporters.JUnitXMLReporter -->
<testsuite ignored="6" hostname="DESKTOP-VDMFRU7" failures="0" tests="1" name="Test" time="63.488" errors="0" timestamp="2023-07-07T16:19:58 IST">
  <testcase classname="TestScripts.TestScenarios" name="loginAndDeleteAllProduct" time="43.301"/>
  <testcase classname="TestScripts.TestScenarios" name="verifyProdsInCartPage" time="0.0">
    <ignored/>
  </testcase> <!-- verifyProdsInCartPage -->
  <testcase classname="TestScripts.TestScenarios" name="getSearchResults" time="0.0">
    <ignored/>
  </testcase> <!-- getSearchResults -->
  <testcase classname="TestScripts.TestScenarios" name="validateProductPresence" time="0.0">
    <ignored/>
  </testcase> <!-- validateProductPresence -->
  <testcase classname="TestScripts.TestScenarios" name="verifySubTotalAndCheckOut" time="0.0">
    <ignored/>
  </testcase> <!-- verifySubTotalAndCheckOut -->
  <testcase classname="TestScripts.TestScenarios" name="checkoutAndLogin" time="0.0">
    <ignored/>
  </testcase> <!-- checkoutAndLogin -->
  <testcase classname="TestScripts.TestScenarios" name="addProductsToBasket" time="0.0">
    <ignored/>
  </testcase> <!-- addProductsToBasket -->
</testsuite> <!-- Test -->
