<?xml version="1.0" encoding="UTF-8"?>
<!-- Generated by org.testng.reporters.JUnitXMLReporter -->
<testsuite ignored="2" hostname="DESKTOP-VDMFRU7" failures="7" tests="7" name="SearchTabTest" time="84.536" errors="0" timestamp="2023-07-04T13:38:17 IST">
  <testcase classname="TestScripts.TestScenarios" name="validateProductPresence" time="3.948">
    <failure type="java.lang.AssertionError" message="expected [true] but found [false]">
      <![CDATA[java.lang.AssertionError: expected [true] but found [false]
at TestScripts.TestScenarios.validateProductPresence(TestScenarios.java:30)
at java.base/java.util.ArrayList.forEach(ArrayList.java:1511)
... Removed 31 stack frames]]>
    </failure>
  </testcase> <!-- validateProductPresence -->
  <testcase classname="TestScripts.TestScenarios" name="validateProductPresence" time="2.246">
    <failure type="java.lang.AssertionError" message="expected [true] but found [false]">
      <![CDATA[java.lang.AssertionError: expected [true] but found [false]
at TestScripts.TestScenarios.validateProductPresence(TestScenarios.java:30)
at java.base/java.util.ArrayList.forEach(ArrayList.java:1511)
... Removed 31 stack frames]]>
    </failure>
  </testcase> <!-- validateProductPresence -->
  <testcase classname="TestScripts.TestScenarios" name="validateProductPresence" time="3.388">
    <failure type="java.lang.AssertionError" message="expected [true] but found [false]">
      <![CDATA[java.lang.AssertionError: expected [true] but found [false]
at TestScripts.TestScenarios.validateProductPresence(TestScenarios.java:30)
at java.base/java.util.ArrayList.forEach(ArrayList.java:1511)
... Removed 31 stack frames]]>
    </failure>
  </testcase> <!-- validateProductPresence -->
  <testcase classname="TestScripts.TestScenarios" name="validateProductPresence" time="4.644">
    <failure type="java.lang.AssertionError" message="expected [true] but found [false]">
      <![CDATA[java.lang.AssertionError: expected [true] but found [false]
at TestScripts.TestScenarios.validateProductPresence(TestScenarios.java:30)
at java.base/java.util.ArrayList.forEach(ArrayList.java:1511)
... Removed 31 stack frames]]>
    </failure>
  </testcase> <!-- validateProductPresence -->
  <testcase classname="TestScripts.TestScenarios" name="validateProductPresence" time="3.791">
    <failure type="java.lang.AssertionError" message="expected [true] but found [false]">
      <![CDATA[java.lang.AssertionError: expected [true] but found [false]
at TestScripts.TestScenarios.validateProductPresence(TestScenarios.java:30)
at java.base/java.util.ArrayList.forEach(ArrayList.java:1511)
... Removed 31 stack frames]]>
    </failure>
  </testcase> <!-- validateProductPresence -->
  <testcase classname="TestScripts.TestScenarios" name="validateProductPresence" time="3.588">
    <failure type="java.lang.AssertionError" message="expected [true] but found [false]">
      <![CDATA[java.lang.AssertionError: expected [true] but found [false]
at TestScripts.TestScenarios.validateProductPresence(TestScenarios.java:30)
at java.base/java.util.ArrayList.forEach(ArrayList.java:1511)
... Removed 31 stack frames]]>
    </failure>
  </testcase> <!-- validateProductPresence -->
  <testcase classname="TestScripts.TestScenarios" name="validateProductPresence" time="3.336">
    <failure type="java.lang.AssertionError" message="expected [true] but found [false]">
      <![CDATA[java.lang.AssertionError: expected [true] but found [false]
at TestScripts.TestScenarios.validateProductPresence(TestScenarios.java:30)
at java.base/java.util.ArrayList.forEach(ArrayList.java:1511)
... Removed 31 stack frames]]>
    </failure>
  </testcase> <!-- validateProductPresence -->
  <testcase classname="TestScripts.TestScenarios" name="addToCartFromSearch" time="0.0">
    <ignored/>
  </testcase> <!-- addToCartFromSearch -->
  <testcase classname="TestScripts.TestScenarios" name="getSearchResults" time="0.0">
    <ignored/>
  </testcase> <!-- getSearchResults -->
</testsuite> <!-- SearchTabTest -->
