<?xml version="1.0" encoding="UTF-8"?>
<!-- Generated by org.testng.reporters.JUnitXMLReporter -->
<testsuite ignored="2" hostname="DESKTOP-VDMFRU7" failures="0" tests="1" name="validateProductPresence" time="62.604" errors="0" timestamp="2023-07-03T13:21:55 IST">
  <testcase classname="TestScripts.TestScenarios" name="validateProductPresence" time="13.933"/>
  <testcase classname="TestScripts.TestScenarios" name="getSearchResults" time="0.0">
    <ignored/>
  </testcase> <!-- getSearchResults -->
  <testcase classname="TestScripts.TestScenarios" name="addToCartFromSearch" time="0.0">
    <ignored/>
  </testcase> <!-- addToCartFromSearch -->
</testsuite> <!-- validateProductPresence -->
